<?xml version="1.0" encoding="UTF-8"?>
<!-- Generated by org.testng.reporters.JUnitXMLReporter -->
<testsuite hostname="SGH305RPWK" name="Test" tests="3" failures="1" timestamp="22 Jul 2016 10:26:20 GMT" time="95.467" errors="0">
  <testcase name="verifyAddRVM_TC_01" time="12.526" classname="com.cits.regression.AddRVM_TS_01"/>
  <testcase name="verifyAddAdmin_TC_02" time="38.871" classname="com.cits.regression.AddAdmin_TS_02"/>
  <testcase name="verifyAddSuper_TC_03" time="24.289" classname="com.cits.regression.AddSuper_TS_03">
    <failure type="org.openqa.selenium.UnhandledAlertException" message="Unexpected modal dialog (text: AB63599 has been successfully added for the role of SUPER.): AB63599 has been successfully added for the role of SUPER.
Build info: version: &amp;apos;2.53.0&amp;apos;, revision: &amp;apos;35ae25b&amp;apos;, time: &amp;apos;2016-03-15 16:57:40&amp;apos;
System info: host: &amp;apos;SGH305RPWK&amp;apos;, ip: &amp;apos;10.140.47.48&amp;apos;, os.name: &amp;apos;Windows 7&amp;apos;, os.arch: &amp;apos;amd64&amp;apos;, os.version: &amp;apos;6.1&amp;apos;, java.version: &amp;apos;1.7.0_60&amp;apos;
*** Element info: {Using=css selector, value=frame[name=&amp;apos;topframe&amp;apos;],iframe[name=&amp;apos;topframe&amp;apos;]}
Session ID: f0484662-5aad-45a1-a263-54b252352c3c
Driver info: org.openqa.selenium.firefox.FirefoxDriver
Capabilities [{platform=WINDOWS, acceptSslCerts=true, javascriptEnabled=true, cssSelectorsEnabled=true, databaseEnabled=true, browserName=firefox, handlesAlerts=true, nativeEvents=false, webStorageEnabled=true, rotatable=false, locationContextEnabled=true, applicationCacheEnabled=true, takesScreenshot=true, version=45.0.2}]">
      <![CDATA[org.openqa.selenium.UnhandledAlertException: Unexpected modal dialog (text: AB63599 has been successfully added for the role of SUPER.): AB63599 has been successfully added for the role of SUPER.
Build info: version: '2.53.0', revision: '35ae25b', time: '2016-03-15 16:57:40'
System info: host: 'SGH305RPWK', ip: '10.140.47.48', os.name: 'Windows 7', os.arch: 'amd64', os.version: '6.1', java.version: '1.7.0_60'
*** Element info: {Using=css selector, value=frame[name='topframe'],iframe[name='topframe']}
Session ID: f0484662-5aad-45a1-a263-54b252352c3c
Driver info: org.openqa.selenium.firefox.FirefoxDriver
Capabilities [{platform=WINDOWS, acceptSslCerts=true, javascriptEnabled=true, cssSelectorsEnabled=true, databaseEnabled=true, browserName=firefox, handlesAlerts=true, nativeEvents=false, webStorageEnabled=true, rotatable=false, locationContextEnabled=true, applicationCacheEnabled=true, takesScreenshot=true, version=45.0.2}]
	at org.openqa.selenium.remote.ErrorHandler.createThrowable(ErrorHandler.java:206)
	at org.openqa.selenium.remote.ErrorHandler.createUnhandledAlertException(ErrorHandler.java:187)
	at org.openqa.selenium.remote.ErrorHandler.throwIfResponseFailed(ErrorHandler.java:154)
	at org.openqa.selenium.remote.RemoteWebDriver.execute(RemoteWebDriver.java:678)
	at org.openqa.selenium.remote.RemoteWebDriver.findElements(RemoteWebDriver.java:388)
	at org.openqa.selenium.remote.RemoteWebDriver.findElementsByCssSelector(RemoteWebDriver.java:496)
	at org.openqa.selenium.By$ByCssSelector.findElements(By.java:441)
	at org.openqa.selenium.remote.RemoteWebDriver.findElements(RemoteWebDriver.java:351)
	at org.openqa.selenium.remote.RemoteWebDriver$RemoteTargetLocator.frame(RemoteWebDriver.java:990)
	at com.cits.pagerepo.statics.LoginPage.logoutSuccess(LoginPage.java:37)
	at com.cits.regression.AddSuper_TS_03.verifyAddSuper_TC_03(AddSuper_TS_03.java:25)
... Removed 28 stack frames]]>
    </failure>
  </testcase> <!-- verifyAddSuper_TC_03 -->
</testsuite> <!-- Test -->
